<?xml version="1.0" encoding="UTF-8"?>
<testsuites name="jest tests" tests="3" failures="0" errors="0" time="0.367">
  <testsuite name="undefined" errors="0" failures="0" skipped="0" timestamp="2025-11-21T10:43:23" time="0.325" tests="3">
    <testcase classname=" create person" name=" create person" time="0.003">
    </testcase>
    <testcase classname=" get person" name=" get person" time="0.002">
    </testcase>
    <testcase classname=" delete person" name=" delete person" time="0.001">
    </testcase>
  </testsuite>
</testsuites>